# JRE version: OpenJDK Runtime Environment Temurin-21.0.7+6 (21.0.7+6) (build 21.0.7+6-LTS)
# Java VM: OpenJDK 64-Bit Server VM Temurin-21.0.7+6 (21.0.7+6-LTS, mixed mode, emulated-client, sharing, tiered, compressed oops, compressed class ptrs, g1 gc, windows-amd64)
GC Precious Log:
 CardTable entry size: 512
 Card Set container configuration: InlinePtr #cards 5 size 8 Array Of Cards #cards 12 size 40 Howl #buckets 4 coarsen threshold 1843 Howl Bitmap #cards 512 size 80 coarsen threshold 460 Card regions per heap region 1 cards per card region 2048
 CPUs: 12 total, 12 available
 Memory: 7860M
 Large Page Support: Disabled
 NUMA Support: Disabled
 Compressed Oops: Enabled (32-bit)
 Heap Region Size: 1M
 Heap Min Capacity: 8M
 Heap Initial Capacity: 124M
 Heap Max Capacity: 1966M
 Pre-touch: Disabled
 Parallel Workers: 10
 Concurrent Workers: 3
 Concurrent Refinement Workers: 10
 Periodic GC: Disabled
Heap:
 garbage-first heap   total 89088K, used 72211K [0x0000000085200000, 0x0000000100000000)
  region size 1024K, 41 young (41984K), 4 survivors (4096K)
 Metaspace       used 83637K, committed 84288K, reserved 1179648K
  class space    used 11917K, committed 12224K, reserved 1048576K
GC Heap History (20 events):
Event: 474.195 GC heap after
{Heap after GC invocations=27 (full 1):
 garbage-first heap   total 73728K, used 37076K [0x0000000085200000, 0x0000000100000000)
  region size 1024K, 4 young (4096K), 4 survivors (4096K)
 Metaspace       used 82271K, committed 83200K, reserved 1179648K
  class space    used 11783K, committed 12224K, reserved 1048576K
}
Event: 488.134 GC heap before
{Heap before GC invocations=27 (full 1):
 garbage-first heap   total 73728K, used 59604K [0x0000000085200000, 0x0000000100000000)
  region size 1024K, 27 young (27648K), 4 survivors (4096K)
 Metaspace       used 82446K, committed 83200K, reserved 1179648K
  class space    used 11815K, committed 12224K, reserved 1048576K
}
Event: 488.175 GC heap after
{Heap after GC invocations=28 (full 2):
 garbage-first heap   total 73728K, used 32078K [0x0000000085200000, 0x0000000100000000)
  region size 1024K, 0 young (0K), 0 survivors (0K)
 Metaspace       used 82327K, committed 83200K, reserved 1179648K
  class space    used 11784K, committed 12224K, reserved 1048576K
}
Event: 488.380 GC heap before
{Heap before GC invocations=28 (full 2):
 garbage-first heap   total 73728K, used 59726K [0x0000000085200000, 0x0000000100000000)
  region size 1024K, 28 young (28672K), 0 survivors (0K)
 Metaspace       used 82396K, committed 83200K, reserved 1179648K
  class space    used 11791K, committed 12224K, reserved 1048576K
}
Event: 488.382 GC heap after
{Heap after GC invocations=29 (full 2):
 garbage-first heap   total 73728K, used 34769K [0x0000000085200000, 0x0000000100000000)
  region size 1024K, 3 young (3072K), 3 survivors (3072K)
 Metaspace       used 82396K, committed 83200K, reserved 1179648K
  class space    used 11791K, committed 12224K, reserved 1048576K
}
Event: 488.815 GC heap before
{Heap before GC invocations=30 (full 2):
 garbage-first heap   total 73728K, used 60369K [0x0000000085200000, 0x0000000100000000)
  region size 1024K, 29 young (29696K), 3 survivors (3072K)
 Metaspace       used 82540K, committed 83328K, reserved 1179648K
  class space    used 11802K, committed 12224K, reserved 1048576K
}
Event: 488.819 GC heap after
{Heap after GC invocations=31 (full 2):
 garbage-first heap   total 73728K, used 37276K [0x0000000085200000, 0x0000000100000000)
  region size 1024K, 3 young (3072K), 3 survivors (3072K)
 Metaspace       used 82540K, committed 83328K, reserved 1179648K
  class space    used 11802K, committed 12224K, reserved 1048576K
}
Event: 569.664 GC heap before
{Heap before GC invocations=31 (full 2):
 garbage-first heap   total 73728K, used 60828K [0x0000000085200000, 0x0000000100000000)
  region size 1024K, 26 young (26624K), 3 survivors (3072K)
 Metaspace       used 82611K, committed 83392K, reserved 1179648K
  class space    used 11809K, committed 12224K, reserved 1048576K
}
Event: 569.675 GC heap after
{Heap after GC invocations=32 (full 2):
 garbage-first heap   total 89088K, used 38083K [0x0000000085200000, 0x0000000100000000)
  region size 1024K, 2 young (2048K), 2 survivors (2048K)
 Metaspace       used 82611K, committed 83392K, reserved 1179648K
  class space    used 11809K, committed 12224K, reserved 1048576K
}
Event: 946.759 GC heap before
{Heap before GC invocations=32 (full 2):
 garbage-first heap   total 89088K, used 58563K [0x0000000085200000, 0x0000000100000000)
  region size 1024K, 23 young (23552K), 2 survivors (2048K)
 Metaspace       used 82613K, committed 83392K, reserved 1179648K
  class space    used 11810K, committed 12224K, reserved 1048576K
}
Event: 946.818 GC heap after
{Heap after GC invocations=33 (full 3):
 garbage-first heap   total 89088K, used 28431K [0x0000000085200000, 0x0000000100000000)
  region size 1024K, 0 young (0K), 0 survivors (0K)
 Metaspace       used 82452K, committed 83392K, reserved 1179648K
  class space    used 11769K, committed 12224K, reserved 1048576K
}
Event: 947.222 GC heap before
{Heap before GC invocations=33 (full 3):
 garbage-first heap   total 89088K, used 71439K [0x0000000085200000, 0x0000000100000000)
  region size 1024K, 43 young (44032K), 0 survivors (0K)
 Metaspace       used 82648K, committed 83392K, reserved 1179648K
  class space    used 11810K, committed 12224K, reserved 1048576K
}
Event: 947.227 GC heap after
{Heap after GC invocations=34 (full 3):
 garbage-first heap   total 89088K, used 33667K [0x0000000085200000, 0x0000000100000000)
  region size 1024K, 6 young (6144K), 6 survivors (6144K)
 Metaspace       used 82648K, committed 83392K, reserved 1179648K
  class space    used 11810K, committed 12224K, reserved 1048576K
}
Event: 950.501 GC heap before
{Heap before GC invocations=35 (full 3):
 garbage-first heap   total 89088K, used 71555K [0x0000000085200000, 0x0000000100000000)
  region size 1024K, 44 young (45056K), 6 survivors (6144K)
 Metaspace       used 82969K, committed 83712K, reserved 1179648K
  class space    used 11852K, committed 12224K, reserved 1048576K
}
Event: 950.513 GC heap after
{Heap after GC invocations=36 (full 3):
 garbage-first heap   total 89088K, used 37513K [0x0000000085200000, 0x0000000100000000)
  region size 1024K, 5 young (5120K), 5 survivors (5120K)
 Metaspace       used 82969K, committed 83712K, reserved 1179648K
  class space    used 11852K, committed 12224K, reserved 1048576K
}
Event: 1374.346 GC heap before
{Heap before GC invocations=36 (full 3):
 garbage-first heap   total 89088K, used 61065K [0x0000000085200000, 0x0000000100000000)
  region size 1024K, 29 young (29696K), 5 survivors (5120K)
 Metaspace       used 82971K, committed 83712K, reserved 1179648K
  class space    used 11853K, committed 12224K, reserved 1048576K
}
Event: 1374.384 GC heap after
{Heap after GC invocations=37 (full 4):
 garbage-first heap   total 89088K, used 32293K [0x0000000085200000, 0x0000000100000000)
  region size 1024K, 0 young (0K), 0 survivors (0K)
 Metaspace       used 82898K, committed 83712K, reserved 1179648K
  class space    used 11834K, committed 12224K, reserved 1048576K
}
Event: 1374.758 GC heap before
{Heap before GC invocations=37 (full 4):
 garbage-first heap   total 89088K, used 72229K [0x0000000085200000, 0x0000000100000000)
  region size 1024K, 40 young (40960K), 0 survivors (0K)
 Metaspace       used 82969K, committed 83776K, reserved 1179648K
  class space    used 11843K, committed 12224K, reserved 1048576K
}
Event: 1374.761 GC heap after
{Heap after GC invocations=38 (full 4):
 garbage-first heap   total 89088K, used 36371K [0x0000000085200000, 0x0000000100000000)
  region size 1024K, 4 young (4096K), 4 survivors (4096K)
 Metaspace       used 82969K, committed 83776K, reserved 1179648K
  class space    used 11843K, committed 12224K, reserved 1048576K
}
Event: 1378.646 GC heap before
{Heap before GC invocations=39 (full 4):
 garbage-first heap   total 89088K, used 72211K [0x0000000085200000, 0x0000000100000000)
  region size 1024K, 41 young (41984K), 4 survivors (4096K)
 Metaspace       used 83637K, committed 84288K, reserved 1179648K
  class space    used 11917K, committed 12224K, reserved 1048576K
}

